Determining if the pthread_create exist failed with the following output:
Change Dir: /home/dmitry/TPF/PatternsCollection/Decorator/cpp-source/inicpp_project-prefix/src/inicpp_project-build/CMakeFiles/CMakeTmp

Run Build Command:"/usr/bin/make" "cmTC_f8973/fast"
make[3]: вход в каталог «/home/dmitry/TPF/PatternsCollection/Decorator/cpp-source/inicpp_project-prefix/src/inicpp_project-build/CMakeFiles/CMakeTmp»
/usr/bin/make -f CMakeFiles/cmTC_f8973.dir/build.make CMakeFiles/cmTC_f8973.dir/build
make[4]: вход в каталог «/home/dmitry/TPF/PatternsCollection/Decorator/cpp-source/inicpp_project-prefix/src/inicpp_project-build/CMakeFiles/CMakeTmp»
Building C object CMakeFiles/cmTC_f8973.dir/CheckSymbolExists.c.o
/usr/bin/cc    -o CMakeFiles/cmTC_f8973.dir/CheckSymbolExists.c.o   -c /home/dmitry/TPF/PatternsCollection/Decorator/cpp-source/inicpp_project-prefix/src/inicpp_project-build/CMakeFiles/CMakeTmp/CheckSymbolExists.c
Linking C executable cmTC_f8973
/usr/bin/cmake -E cmake_link_script CMakeFiles/cmTC_f8973.dir/link.txt --verbose=1
/usr/bin/cc      -rdynamic CMakeFiles/cmTC_f8973.dir/CheckSymbolExists.c.o  -o cmTC_f8973 
CMakeFiles/cmTC_f8973.dir/CheckSymbolExists.c.o: In function `main':
CheckSymbolExists.c:(.text+0x1b): undefined reference to `pthread_create'
collect2: error: ld returned 1 exit status
CMakeFiles/cmTC_f8973.dir/build.make:97: recipe for target 'cmTC_f8973' failed
make[4]: *** [cmTC_f8973] Error 1
make[4]: выход из каталога «/home/dmitry/TPF/PatternsCollection/Decorator/cpp-source/inicpp_project-prefix/src/inicpp_project-build/CMakeFiles/CMakeTmp»
Makefile:126: recipe for target 'cmTC_f8973/fast' failed
make[3]: *** [cmTC_f8973/fast] Error 2
make[3]: выход из каталога «/home/dmitry/TPF/PatternsCollection/Decorator/cpp-source/inicpp_project-prefix/src/inicpp_project-build/CMakeFiles/CMakeTmp»

File /home/dmitry/TPF/PatternsCollection/Decorator/cpp-source/inicpp_project-prefix/src/inicpp_project-build/CMakeFiles/CMakeTmp/CheckSymbolExists.c:
/* */
#include <pthread.h>

int main(int argc, char** argv)
{
  (void)argv;
#ifndef pthread_create
  return ((int*)(&pthread_create))[argc];
#else
  (void)argc;
  return 0;
#endif
}

Determining if the function pthread_create exists in the pthreads failed with the following output:
Change Dir: /home/dmitry/TPF/PatternsCollection/Decorator/cpp-source/inicpp_project-prefix/src/inicpp_project-build/CMakeFiles/CMakeTmp

Run Build Command:"/usr/bin/make" "cmTC_cffa6/fast"
make[3]: вход в каталог «/home/dmitry/TPF/PatternsCollection/Decorator/cpp-source/inicpp_project-prefix/src/inicpp_project-build/CMakeFiles/CMakeTmp»
/usr/bin/make -f CMakeFiles/cmTC_cffa6.dir/build.make CMakeFiles/cmTC_cffa6.dir/build
make[4]: вход в каталог «/home/dmitry/TPF/PatternsCollection/Decorator/cpp-source/inicpp_project-prefix/src/inicpp_project-build/CMakeFiles/CMakeTmp»
Building C object CMakeFiles/cmTC_cffa6.dir/CheckFunctionExists.c.o
/usr/bin/cc   -DCHECK_FUNCTION_EXISTS=pthread_create   -o CMakeFiles/cmTC_cffa6.dir/CheckFunctionExists.c.o   -c /usr/share/cmake-3.10/Modules/CheckFunctionExists.c
Linking C executable cmTC_cffa6
/usr/bin/cmake -E cmake_link_script CMakeFiles/cmTC_cffa6.dir/link.txt --verbose=1
/usr/bin/cc  -DCHECK_FUNCTION_EXISTS=pthread_create    -rdynamic CMakeFiles/cmTC_cffa6.dir/CheckFunctionExists.c.o  -o cmTC_cffa6 -lpthreads 
/usr/bin/ld: cannot find -lpthreads
collect2: error: ld returned 1 exit status
CMakeFiles/cmTC_cffa6.dir/build.make:97: recipe for target 'cmTC_cffa6' failed
make[4]: *** [cmTC_cffa6] Error 1
make[4]: выход из каталога «/home/dmitry/TPF/PatternsCollection/Decorator/cpp-source/inicpp_project-prefix/src/inicpp_project-build/CMakeFiles/CMakeTmp»
Makefile:126: recipe for target 'cmTC_cffa6/fast' failed
make[3]: *** [cmTC_cffa6/fast] Error 2
make[3]: выход из каталога «/home/dmitry/TPF/PatternsCollection/Decorator/cpp-source/inicpp_project-prefix/src/inicpp_project-build/CMakeFiles/CMakeTmp»


